<?xml version="1.0" encoding="UTF-8"?>
<!-- Generated by org.testng.reporters.JUnitXMLReporter -->
<testsuite ignored="0" hostname="DESKTOP-PAM2I5O" failures="1" tests="1" name="Firefox" time="0.02" errors="0" timestamp="2024-06-15T10:30:21 IST">
  <testcase classname="TestCases.TC_001_AccountRegistrationTest" name="HomePageLogin" time="0.003">
    <failure type="java.lang.AssertionError" message="null">
      <![CDATA[java.lang.AssertionError: null
at TestCases.TC_001_AccountRegistrationTest.HomePageLogin(TC_001_AccountRegistrationTest.java:70)
at java.base/java.util.ArrayList.forEach(ArrayList.java:1596)
... Removed 27 stack frames]]>
    </failure>
  </testcase> <!-- HomePageLogin -->
</testsuite> <!-- Firefox -->
